[debug] [2023-06-08T09:40:47.292Z] ----------------------------------------------------------------------
[debug] [2023-06-08T09:40:47.293Z] Command:       /Users/kosei/.nvm/versions/node/v18.14.1/bin/node /Users/kosei/.nvm/versions/node/v18.14.1/bin/firebase init
[debug] [2023-06-08T09:40:47.294Z] CLI Version:   12.3.1
[debug] [2023-06-08T09:40:47.294Z] Platform:      darwin
[debug] [2023-06-08T09:40:47.295Z] Node Version:  v18.14.1
[debug] [2023-06-08T09:40:47.301Z] Time:          Thu Jun 08 2023 18:40:47 GMT+0900 (日本標準時)
[debug] [2023-06-08T09:40:47.301Z] ----------------------------------------------------------------------
[debug] 
[debug] [2023-06-08T09:40:47.308Z] > command requires scopes: ["email","openid","https://www.googleapis.com/auth/cloudplatformprojects.readonly","https://www.googleapis.com/auth/firebase","https://www.googleapis.com/auth/cloud-platform"]
[debug] [2023-06-08T09:40:47.309Z] > authorizing via signed-in user (kosei0275@gmail.com)
[info] 
     ######## #### ########  ######## ########     ###     ######  ########
     ##        ##  ##     ## ##       ##     ##  ##   ##  ##       ##
     ######    ##  ########  ######   ########  #########  ######  ######
     ##        ##  ##    ##  ##       ##     ## ##     ##       ## ##
     ##       #### ##     ## ######## ########  ##     ##  ######  ########

You're about to initialize a Firebase project in this directory:

  /Users/kosei/Hackathon-UTTC/Hackathon

[info] 
=== Project Setup
[info] 
[info] First, let's associate this project directory with a Firebase project.
[info] You can create multiple project aliases by running firebase use --add, 
[info] but for now we'll just set up a default project.
[info] 
[debug] [2023-06-08T09:41:52.453Z] >>> [apiv2][query] GET https://firebase.googleapis.com/v1beta1/projects pageSize=100
[debug] [2023-06-08T09:41:53.175Z] <<< [apiv2][status] GET https://firebase.googleapis.com/v1beta1/projects 200
[debug] [2023-06-08T09:41:53.175Z] <<< [apiv2][body] GET https://firebase.googleapis.com/v1beta1/projects [omitted]
[info] i  Using project term3-kose-kurosaki (term3-kose-kurosaki) 
[info] 
=== Hosting Setup
[info] 
[info] Your public directory is the folder (relative to your project directory) that
[info] will contain Hosting assets to be uploaded with firebase deploy. If you
[info] have a build process for your assets, use your build's output directory.
[info] 
